0 info it worked if it ends with ok
1 verbose cli [ 'C:\\Program Files\\nodejs\\node.exe',
1 verbose cli   'C:\\Program Files\\nodejs\\node_modules\\npm\\bin\\npm-cli.js',
1 verbose cli   'install',
1 verbose cli   'cheerio、' ]
2 info using npm@2.15.1
3 info using node@v4.4.4
4 verbose install initial load of E:\test\room\package.json
5 verbose installManyTop reading scoped package data from E:\test\room\node_modules\append-field\package.json
6 verbose installManyTop reading scoped package data from E:\test\room\node_modules\async\package.json
7 verbose installManyTop reading scoped package data from E:\test\room\node_modules\base64-url\package.json
8 verbose installManyTop reading scoped package data from E:\test\room\node_modules\basic-auth\package.json
9 verbose installManyTop reading scoped package data from E:\test\room\node_modules\bignumber.js\package.json
10 verbose installManyTop reading scoped package data from E:\test\room\node_modules\body-parser\package.json
11 verbose installManyTop reading scoped package data from E:\test\room\node_modules\busboy\package.json
12 verbose installManyTop reading scoped package data from E:\test\room\node_modules\bytes\package.json
13 verbose installManyTop reading scoped package data from E:\test\room\node_modules\cheerio\package.json
14 verbose installManyTop reading scoped package data from E:\test\room\node_modules\concat-stream\package.json
15 verbose installManyTop reading scoped package data from E:\test\room\node_modules\content-type\package.json
16 verbose installManyTop reading scoped package data from E:\test\room\node_modules\cookie\package.json
17 verbose installManyTop reading scoped package data from E:\test\room\node_modules\cookie-signature\package.json
18 verbose installManyTop reading scoped package data from E:\test\room\node_modules\core-util-is\package.json
19 verbose installManyTop reading scoped package data from E:\test\room\node_modules\crc\package.json
20 verbose installManyTop reading scoped package data from E:\test\room\node_modules\debug\package.json
21 verbose installManyTop reading scoped package data from E:\test\room\node_modules\depd\package.json
22 verbose installManyTop reading scoped package data from E:\test\room\node_modules\dicer\package.json
23 verbose installManyTop reading scoped package data from E:\test\room\node_modules\ee-first\package.json
24 verbose installManyTop reading scoped package data from E:\test\room\node_modules\express\package.json
25 verbose installManyTop reading scoped package data from E:\test\room\node_modules\express-session\package.json
26 verbose installManyTop reading scoped package data from E:\test\room\node_modules\hbs\package.json
27 verbose installManyTop reading scoped package data from E:\test\room\node_modules\http-errors\package.json
28 verbose installManyTop reading scoped package data from E:\test\room\node_modules\iconv-lite\package.json
29 verbose installManyTop reading scoped package data from E:\test\room\node_modules\inherits\package.json
30 verbose installManyTop reading scoped package data from E:\test\room\node_modules\isarray\package.json
31 verbose installManyTop reading scoped package data from E:\test\room\node_modules\media-typer\package.json
32 verbose installManyTop reading scoped package data from E:\test\room\node_modules\mime-db\package.json
33 verbose installManyTop reading scoped package data from E:\test\room\node_modules\mime-types\package.json
34 verbose installManyTop reading scoped package data from E:\test\room\node_modules\minimist\package.json
35 verbose installManyTop reading scoped package data from E:\test\room\node_modules\mkdirp\package.json
36 verbose installManyTop reading scoped package data from E:\test\room\node_modules\morgan\package.json
37 verbose installManyTop reading scoped package data from E:\test\room\node_modules\ms\package.json
38 verbose installManyTop reading scoped package data from E:\test\room\node_modules\multer\package.json
39 verbose installManyTop reading scoped package data from E:\test\room\node_modules\mysql\package.json
40 verbose installManyTop reading scoped package data from E:\test\room\node_modules\object-assign\package.json
41 verbose installManyTop reading scoped package data from E:\test\room\node_modules\on-finished\package.json
42 verbose installManyTop reading scoped package data from E:\test\room\node_modules\on-headers\package.json
43 verbose installManyTop reading scoped package data from E:\test\room\node_modules\parseurl\package.json
44 verbose installManyTop reading scoped package data from E:\test\room\node_modules\process-nextick-args\package.json
45 verbose installManyTop reading scoped package data from E:\test\room\node_modules\qs\package.json
46 verbose installManyTop reading scoped package data from E:\test\room\node_modules\random-bytes\package.json
47 verbose installManyTop reading scoped package data from E:\test\room\node_modules\raw-body\package.json
48 verbose installManyTop reading scoped package data from E:\test\room\node_modules\readable-stream\package.json
49 verbose installManyTop reading scoped package data from E:\test\room\node_modules\request\package.json
50 verbose installManyTop reading scoped package data from E:\test\room\node_modules\setprototypeof\package.json
51 verbose installManyTop reading scoped package data from E:\test\room\node_modules\sqlstring\package.json
52 verbose installManyTop reading scoped package data from E:\test\room\node_modules\statuses\package.json
53 verbose installManyTop reading scoped package data from E:\test\room\node_modules\streamsearch\package.json
54 verbose installManyTop reading scoped package data from E:\test\room\node_modules\string_decoder\package.json
55 verbose installManyTop reading scoped package data from E:\test\room\node_modules\type-is\package.json
56 verbose installManyTop reading scoped package data from E:\test\room\node_modules\typedarray\package.json
57 verbose installManyTop reading scoped package data from E:\test\room\node_modules\uid-safe\package.json
58 verbose installManyTop reading scoped package data from E:\test\room\node_modules\unpipe\package.json
59 verbose installManyTop reading scoped package data from E:\test\room\node_modules\util-deprecate\package.json
60 verbose installManyTop reading scoped package data from E:\test\room\node_modules\utils-merge\package.json
61 verbose installManyTop reading scoped package data from E:\test\room\node_modules\xtend\package.json
62 info package.json busboy@0.2.13 No license field.
63 info package.json dicer@0.2.5 No license field.
64 info package.json ms@0.7.1 No license field.
65 info package.json streamsearch@0.1.2 No license field.
66 info package.json string_decoder@0.10.31 string_decoder is also the name of a node core module.
67 info package.json utils-merge@1.0.0 No license field.
68 verbose readDependencies loading dependencies from E:\test\room\package.json
69 silly cache add args [ 'cheerio、', null ]
70 verbose cache add spec cheerio、
71 silly cache add parsed spec Result {
71 silly cache add   raw: 'cheerio、',
71 silly cache add   scope: null,
71 silly cache add   name: null,
71 silly cache add   rawSpec: 'cheerio、',
71 silly cache add   spec: 'E:\\test\\room\\cheerio、',
71 silly cache add   type: 'local' }
72 error addLocal Could not install E:\test\room\cheerio、
73 verbose stack Error: ENOENT: no such file or directory, open 'E:\test\room\cheerio、'
73 verbose stack     at Error (native)
74 verbose cwd E:\test\room
75 error Windows_NT 10.0.10586
76 error argv "C:\\Program Files\\nodejs\\node.exe" "C:\\Program Files\\nodejs\\node_modules\\npm\\bin\\npm-cli.js" "install" "cheerio、"
77 error node v4.4.4
78 error npm  v2.15.1
79 error path E:\test\room\cheerio、
80 error code ENOENT
81 error errno -4058
82 error syscall open
83 error enoent ENOENT: no such file or directory, open 'E:\test\room\cheerio、'
83 error enoent This is most likely not a problem with npm itself
83 error enoent and is related to npm not being able to find a file.
84 verbose exit [ -4058, true ]
